012524 09:58:12 PM: INFO: Test001Login
012524 09:58:13 PM: INFO: Test001Login passed
012524 09:58:15 PM: INFO: test_login started
012524 09:58:17 PM: INFO: test_login started passed
01 25 24 10:02:40 PM: INFO: Test001Login
01 25 24 10:02:40 PM: INFO: Test001Login passed
01 25 24 10:02:43 PM: INFO: test_login started
01 25 24 10:02:44 PM: INFO: test_login started passed
01 25 24 10:50:59 PM: INFO: Test001Login
01 25 24 10:51:00 PM: INFO: Test001Login passed
01 25 24 10:51:02 PM: INFO: test_login started
01 25 24 10:51:03 PM: INFO: test_login started passed
01 25 24 10:52:00 PM: INFO: Test001Login
01 25 24 10:52:07 PM: INFO: Test001Login passed
01 25 24 10:52:11 PM: INFO: test_login started
01 25 24 10:52:12 PM: INFO: test_login started passed
01 25 24 10:58:35 PM: INFO: Test001Login
01 25 24 10:58:37 PM: INFO: Test001Login passed
01 25 24 10:58:37 PM: INFO: test_login started
01 25 24 10:58:39 PM: INFO: test_login started passed
01 26 24 10:16:29 AM: INFO: Test001Login
01 26 24 10:16:30 AM: INFO: test_login started
01 26 24 10:16:30 AM: INFO: Test001Login passed
01 26 24 10:16:31 AM: INFO: test_login started passed
01 26 24 10:21:21 AM: INFO: Test001Login
01 26 24 10:21:22 AM: INFO: test_login started
01 26 24 10:21:23 AM: INFO: Test001Login passed
01 26 24 10:21:24 AM: INFO: test_login started passed
01 26 24 12:01:07 PM: INFO: test_login data driven started
01 26 24 12:02:19 PM: INFO: test_login data driven started
01 26 24 12:03:44 PM: INFO: test_login data driven started
01 26 24 12:03:47 PM: INFO: Login dd passed
01 26 24 01:10:31 PM: INFO: test_login data driven started
01 26 24 01:13:28 PM: INFO: test_login data driven started
01 26 24 01:14:24 PM: INFO: test_login data driven started
01 26 24 01:34:36 PM: INFO: test_login data driven started
01 26 24 01:35:58 PM: INFO: test_login data driven started
01 26 24 01:37:26 PM: INFO: test_login data driven started
01 26 24 01:39:49 PM: INFO: test_login data driven started
01 26 24 01:43:47 PM: INFO: test_login data driven started
01 26 24 01:47:12 PM: INFO: test_login data driven started
01 26 24 01:47:47 PM: INFO: test_login data driven started
01 26 24 01:50:51 PM: INFO: test_login data driven started
01 26 24 01:52:52 PM: INFO: test_login data driven started
01 26 24 01:55:22 PM: INFO: test_login data driven started
01 26 24 01:57:56 PM: INFO: test_login data driven started
01 26 24 02:01:55 PM: INFO: test_login data driven started
01 26 24 02:03:35 PM: INFO: test_login data driven started
01 26 24 02:05:33 PM: INFO: test_login data driven started
01 26 24 02:05:44 PM: INFO: test_login dd passed
01 26 24 02:05:48 PM: INFO: test_login dd Passed
01 26 24 03:30:51 PM: INFO: test_login data driven started
01 26 24 03:31:01 PM: INFO: test_login dd passed
01 26 24 03:31:05 PM: INFO: test_login dd Passed
01 26 24 03:33:01 PM: INFO: test_login data driven started
01 26 24 03:33:10 PM: INFO: test_login dd passed
01 26 24 03:33:14 PM: INFO: test_login dd Passed
01 26 24 03:34:33 PM: INFO: test_login data driven started
01 26 24 03:34:43 PM: INFO: test_login dd passed
01 26 24 03:36:18 PM: INFO: test_login data driven started
01 26 24 03:36:29 PM: INFO: test_login dd passed
01 26 24 03:36:33 PM: INFO: test_login dd Passed
01 26 24 03:40:06 PM: INFO: test_login data driven started
01 26 24 03:40:16 PM: INFO: test_login dd passed
01 26 24 03:40:20 PM: INFO: test_login dd Passed
01 26 24 03:43:22 PM: INFO: test_login data driven started
01 26 24 03:43:32 PM: INFO: test_login dd passed
01 26 24 03:43:36 PM: INFO: test_login dd Passed
01 26 24 03:51:16 PM: INFO: test_login data driven started
01 26 24 03:51:26 PM: INFO: test_login dd passed
01 26 24 03:51:30 PM: INFO: test_login dd Passed
01 26 24 03:51:34 PM: INFO: test_login dd Passed
01 26 24 03:51:37 PM: INFO: test_login dd Passed
01 26 24 03:51:37 PM: INFO: Login dd passed
01 26 24 03:56:25 PM: INFO: test_login data driven started
01 26 24 03:56:35 PM: INFO: test_login dd passed
01 26 24 03:56:39 PM: INFO: test_login dd Passed
01 26 24 03:56:43 PM: INFO: test_login dd Passed
01 26 24 03:56:46 PM: INFO: test_login dd Passed
01 26 24 03:56:46 PM: INFO: Login dd passed
01 26 24 04:02:21 PM: INFO: test_login data driven started
01 26 24 04:02:31 PM: INFO: test_login dd passed
01 26 24 04:02:35 PM: INFO: test_login dd Passed
01 26 24 04:02:38 PM: INFO: test_login dd Passed
01 26 24 04:02:42 PM: INFO: test_login dd Passed
01 26 24 04:02:42 PM: INFO: Login dd passed
